2020-07-03 14:11:44,103 -- [basepage.py-->visible_only_wait-->line:106] - INFO: 元素定位成功
2020-07-03 14:11:44,296 -- [basepage.py-->visible_only_wait-->line:106] - INFO: 元素定位成功
2020-07-03 14:11:44,941 -- [basepage.py-->visible_only_wait-->line:106] - INFO: 元素定位成功
2020-07-03 14:11:48,571 -- [basepage.py-->visible_only_wait-->line:106] - INFO: 元素定位成功
2020-07-03 14:11:48,679 -- [basepage.py-->click_wait-->line:151] - DEBUG: 元素定位成功
2020-07-03 14:11:48,784 -- [basepage.py-->visible_only_wait-->line:106] - INFO: 元素定位成功
2020-07-03 14:11:49,903 -- [basepage.py-->visible_only_wait-->line:106] - INFO: 元素定位成功
2020-07-03 14:11:50,152 -- [basepage.py-->visible_only_wait-->line:106] - INFO: 元素定位成功
2020-07-03 14:11:50,340 -- [basepage.py-->presence_only_wait-->line:60] - DEBUG: 元素定位成功
2020-07-03 14:11:50,604 -- [basepage.py-->visible_only_wait-->line:106] - INFO: 元素定位成功
2020-07-03 14:11:51,038 -- [basepage.py-->visible_only_wait-->line:106] - INFO: 元素定位成功
2020-07-03 14:11:51,145 -- [basepage.py-->visible_only_wait-->line:106] - INFO: 元素定位成功
2020-07-03 14:11:51,941 -- [basepage.py-->visible_least_wait-->line:129] - DEBUG: 元素定位成功
2020-07-03 14:11:52,095 -- [basepage.py-->visible_only_wait-->line:106] - INFO: 元素定位成功
2020-07-03 14:11:52,171 -- [basepage.py-->visible_only_wait-->line:106] - INFO: 元素定位成功
2020-07-03 14:11:52,250 -- [basepage.py-->visible_only_wait-->line:106] - INFO: 元素定位成功
2020-07-03 14:11:52,432 -- [basepage.py-->visible_only_wait-->line:106] - INFO: 元素定位成功
2020-07-03 14:11:52,516 -- [basepage.py-->visible_only_wait-->line:106] - INFO: 元素定位成功
2020-07-03 14:11:52,645 -- [basepage.py-->visible_least_wait-->line:129] - DEBUG: 元素定位成功
2020-07-03 14:11:52,741 -- [basepage.py-->visible_only_wait-->line:106] - INFO: 元素定位成功
2020-07-03 14:11:52,849 -- [basepage.py-->click_wait-->line:151] - DEBUG: 元素定位成功
2020-07-03 14:11:52,978 -- [basepage.py-->visible_least_wait-->line:129] - DEBUG: 元素定位成功
2020-07-03 14:11:53,049 -- [basepage.py-->visible_only_wait-->line:106] - INFO: 元素定位成功
2020-07-03 14:11:54,199 -- [basepage.py-->visible_only_wait-->line:106] - INFO: 元素定位成功
2020-07-03 14:11:54,289 -- [basepage.py-->visible_least_wait-->line:129] - DEBUG: 元素定位成功
2020-07-03 14:11:54,362 -- [basepage.py-->visible_only_wait-->line:106] - INFO: 元素定位成功
2020-07-03 14:11:54,439 -- [basepage.py-->presence_only_wait-->line:60] - DEBUG: 元素定位成功
2020-07-03 14:11:54,598 -- [basepage.py-->visible_only_wait-->line:106] - INFO: 元素定位成功
2020-07-03 14:11:55,961 -- [basepage.py-->click_wait-->line:151] - DEBUG: 元素定位成功
2020-07-03 14:11:56,029 -- [basepage.py-->click_wait-->line:151] - DEBUG: 元素定位成功
2020-07-03 14:11:56,256 -- [basepage.py-->click_wait-->line:151] - DEBUG: 元素定位成功
2020-07-03 14:11:56,618 -- [basepage.py-->visible_only_wait-->line:106] - INFO: 元素定位成功
2020-07-03 14:11:56,694 -- [basepage.py-->visible_only_wait-->line:106] - INFO: 元素定位成功
2020-07-03 14:11:56,875 -- [basepage.py-->visible_only_wait-->line:106] - INFO: 元素定位成功
2020-07-03 14:11:57,024 -- [basepage.py-->presence_only_wait-->line:60] - DEBUG: 元素定位成功
2020-07-03 14:11:57,169 -- [basepage.py-->visible_only_wait-->line:106] - INFO: 元素定位成功
2020-07-03 14:11:57,616 -- [basepage.py-->visible_only_wait-->line:106] - INFO: 元素定位成功
2020-07-03 14:11:57,702 -- [basepage.py-->visible_only_wait-->line:106] - INFO: 元素定位成功
2020-07-03 14:11:58,003 -- [basepage.py-->visible_least_wait-->line:129] - DEBUG: 元素定位成功
2020-07-03 14:11:58,156 -- [basepage.py-->visible_only_wait-->line:106] - INFO: 元素定位成功
2020-07-03 14:11:58,247 -- [basepage.py-->visible_only_wait-->line:106] - INFO: 元素定位成功
2020-07-03 14:11:58,316 -- [basepage.py-->visible_only_wait-->line:106] - INFO: 元素定位成功
2020-07-03 14:11:58,443 -- [basepage.py-->visible_only_wait-->line:106] - INFO: 元素定位成功
2020-07-03 14:11:58,514 -- [basepage.py-->visible_only_wait-->line:106] - INFO: 元素定位成功
2020-07-03 14:11:58,619 -- [basepage.py-->visible_least_wait-->line:129] - DEBUG: 元素定位成功
2020-07-03 14:11:58,714 -- [basepage.py-->visible_only_wait-->line:106] - INFO: 元素定位成功
2020-07-03 14:11:58,790 -- [basepage.py-->click_wait-->line:151] - DEBUG: 元素定位成功
2020-07-03 14:11:59,944 -- [basepage.py-->visible_least_wait-->line:129] - DEBUG: 元素定位成功
2020-07-03 14:12:00,010 -- [basepage.py-->visible_only_wait-->line:106] - INFO: 元素定位成功
2020-07-03 14:12:01,129 -- [basepage.py-->visible_only_wait-->line:106] - INFO: 元素定位成功
2020-07-03 14:12:01,207 -- [basepage.py-->visible_least_wait-->line:129] - DEBUG: 元素定位成功
2020-07-03 14:12:01,274 -- [basepage.py-->visible_only_wait-->line:106] - INFO: 元素定位成功
2020-07-03 14:12:01,353 -- [basepage.py-->presence_only_wait-->line:60] - DEBUG: 元素定位成功
2020-07-03 14:12:01,496 -- [basepage.py-->click_wait-->line:151] - DEBUG: 元素定位成功
2020-07-03 14:12:01,689 -- [basepage.py-->click_wait-->line:151] - DEBUG: 元素定位成功
2020-07-03 14:12:01,864 -- [basepage.py-->visible_only_wait-->line:106] - INFO: 元素定位成功
2020-07-03 14:12:01,914 -- [basepage.py-->visible_only_wait-->line:106] - INFO: 元素定位成功
2020-07-03 14:12:02,301 -- [basepage.py-->visible_only_wait-->line:106] - INFO: 元素定位成功
2020-07-03 14:12:02,598 -- [basepage.py-->visible_only_wait-->line:106] - INFO: 元素定位成功
2020-07-03 14:12:02,632 -- [basepage.py-->visible_only_wait-->line:106] - INFO: 元素定位成功
2020-07-03 14:12:02,908 -- [basepage.py-->visible_only_wait-->line:106] - INFO: 元素定位成功
2020-07-03 14:12:03,384 -- [basepage.py-->visible_only_wait-->line:106] - INFO: 元素定位成功
2020-07-03 14:12:03,472 -- [basepage.py-->visible_only_wait-->line:106] - INFO: 元素定位成功
2020-07-03 14:12:03,567 -- [basepage.py-->visible_only_wait-->line:106] - INFO: 元素定位成功
2020-07-03 14:12:04,136 -- [basepage.py-->visible_only_wait-->line:106] - INFO: 元素定位成功
2020-07-03 14:12:04,230 -- [basepage.py-->visible_only_wait-->line:106] - INFO: 元素定位成功
2020-07-03 14:12:04,363 -- [basepage.py-->visible_only_wait-->line:106] - INFO: 元素定位成功
2020-07-03 14:12:04,723 -- [basepage.py-->visible_only_wait-->line:106] - INFO: 元素定位成功
2020-07-03 14:12:05,346 -- [basepage.py-->visible_only_wait-->line:106] - INFO: 元素定位成功
2020-07-03 14:12:05,386 -- [basepage.py-->visible_only_wait-->line:106] - INFO: 元素定位成功
2020-07-03 14:12:05,497 -- [basepage.py-->visible_only_wait-->line:106] - INFO: 元素定位成功
2020-07-03 14:12:06,193 -- [basepage.py-->visible_only_wait-->line:106] - INFO: 元素定位成功
2020-07-03 14:12:06,564 -- [basepage.py-->visible_only_wait-->line:106] - INFO: 元素定位成功
2020-07-03 14:12:06,604 -- [basepage.py-->visible_only_wait-->line:106] - INFO: 元素定位成功
2020-07-03 14:12:06,888 -- [basepage.py-->visible_only_wait-->line:106] - INFO: 元素定位成功
2020-07-03 14:12:07,123 -- [basepage.py-->visible_only_wait-->line:106] - INFO: 元素定位成功
2020-07-03 14:12:07,158 -- [basepage.py-->visible_only_wait-->line:106] - INFO: 元素定位成功
2020-07-03 14:12:07,440 -- [basepage.py-->visible_only_wait-->line:106] - INFO: 元素定位成功
2020-07-03 14:12:07,663 -- [basepage.py-->visible_only_wait-->line:106] - INFO: 元素定位成功
2020-07-03 14:12:07,701 -- [basepage.py-->visible_only_wait-->line:106] - INFO: 元素定位成功
2020-07-03 14:12:07,946 -- [basepage.py-->visible_only_wait-->line:106] - INFO: 元素定位成功
2020-07-03 14:12:08,334 -- [basepage.py-->visible_only_wait-->line:106] - INFO: 元素定位成功
2020-07-03 14:12:08,370 -- [basepage.py-->visible_only_wait-->line:106] - INFO: 元素定位成功
2020-07-03 14:12:08,647 -- [basepage.py-->visible_only_wait-->line:106] - INFO: 元素定位成功
2020-07-03 14:12:09,221 -- [basepage.py-->visible_only_wait-->line:106] - INFO: 元素定位成功
2020-07-03 14:12:09,264 -- [basepage.py-->visible_only_wait-->line:106] - INFO: 元素定位成功
2020-07-03 14:12:09,337 -- [basepage.py-->visible_only_wait-->line:106] - INFO: 元素定位成功
2020-07-03 14:12:09,469 -- [basepage.py-->visible_only_wait-->line:106] - INFO: 元素定位成功
2020-07-03 14:12:09,627 -- [basepage.py-->visible_only_wait-->line:106] - INFO: 元素定位成功
2020-07-03 14:12:09,891 -- [basepage.py-->visible_only_wait-->line:106] - INFO: 元素定位成功
2020-07-03 14:12:10,088 -- [basepage.py-->visible_only_wait-->line:106] - INFO: 元素定位成功
2020-07-03 14:12:11,192 -- [basepage.py-->visible_only_wait-->line:106] - INFO: 元素定位成功
2020-07-03 14:12:11,279 -- [basepage.py-->visible_only_wait-->line:106] - INFO: 元素定位成功
2020-07-03 14:12:11,400 -- [basepage.py-->click_wait-->line:151] - DEBUG: 元素定位成功
2020-07-03 14:12:11,509 -- [basepage.py-->visible_only_wait-->line:106] - INFO: 元素定位成功
2020-07-03 14:12:12,080 -- [basepage.py-->visible_only_wait-->line:106] - INFO: 元素定位成功
2020-07-03 14:12:12,257 -- [basepage.py-->visible_only_wait-->line:106] - INFO: 元素定位成功
2020-07-03 14:12:12,306 -- [basepage.py-->visible_only_wait-->line:106] - INFO: 元素定位成功
2020-07-03 14:12:12,353 -- [basepage.py-->visible_only_wait-->line:106] - INFO: 元素定位成功
2020-07-03 14:12:12,426 -- [basepage.py-->visible_only_wait-->line:106] - INFO: 元素定位成功
2020-07-03 14:12:12,561 -- [basepage.py-->visible_only_wait-->line:106] - INFO: 元素定位成功
2020-07-03 14:12:12,785 -- [basepage.py-->visible_only_wait-->line:106] - INFO: 元素定位成功
2020-07-03 14:12:12,946 -- [basepage.py-->visible_only_wait-->line:106] - INFO: 元素定位成功
2020-07-03 14:12:14,052 -- [basepage.py-->visible_only_wait-->line:106] - INFO: 元素定位成功
2020-07-03 14:12:14,116 -- [basepage.py-->visible_only_wait-->line:106] - INFO: 元素定位成功
2020-07-03 14:12:14,212 -- [basepage.py-->click_wait-->line:151] - DEBUG: 元素定位成功
2020-07-03 14:12:14,291 -- [basepage.py-->visible_only_wait-->line:106] - INFO: 元素定位成功
2020-07-03 14:12:14,614 -- [basepage.py-->visible_only_wait-->line:106] - INFO: 元素定位成功
2020-07-03 14:12:14,805 -- [basepage.py-->click_wait-->line:151] - DEBUG: 元素定位成功
2020-07-03 14:12:14,924 -- [basepage.py-->visible_only_wait-->line:106] - INFO: 元素定位成功
2020-07-03 14:12:15,108 -- [basepage.py-->visible_only_wait-->line:106] - INFO: 元素定位成功
2020-07-03 14:12:15,190 -- [basepage.py-->visible_only_wait-->line:106] - INFO: 元素定位成功
2020-07-03 14:12:15,588 -- [basepage.py-->visible_only_wait-->line:106] - INFO: 元素定位成功
2020-07-03 14:12:15,724 -- [basepage.py-->visible_only_wait-->line:106] - INFO: 元素定位成功
2020-07-03 14:12:15,846 -- [basepage.py-->visible_only_wait-->line:106] - INFO: 元素定位成功
2020-07-03 14:12:16,346 -- [basepage.py-->visible_only_wait-->line:106] - INFO: 元素定位成功
2020-07-03 14:12:16,468 -- [basepage.py-->visible_only_wait-->line:106] - INFO: 元素定位成功
2020-07-03 14:12:16,575 -- [basepage.py-->visible_only_wait-->line:106] - INFO: 元素定位成功
2020-07-03 14:12:17,816 -- [basepage.py-->visible_only_wait-->line:106] - INFO: 元素定位成功
2020-07-03 14:12:18,363 -- [basepage.py-->visible_only_wait-->line:106] - INFO: 元素定位成功
2020-07-03 14:12:18,578 -- [basepage.py-->visible_only_wait-->line:106] - INFO: 元素定位成功
2020-07-03 14:12:18,632 -- [basepage.py-->visible_only_wait-->line:106] - INFO: 元素定位成功
2020-07-03 14:12:18,704 -- [basepage.py-->visible_only_wait-->line:106] - INFO: 元素定位成功
2020-07-03 14:12:18,791 -- [basepage.py-->visible_only_wait-->line:106] - INFO: 元素定位成功
2020-07-03 14:12:18,858 -- [basepage.py-->visible_only_wait-->line:106] - INFO: 元素定位成功
2020-07-03 14:12:18,929 -- [basepage.py-->visible_only_wait-->line:106] - INFO: 元素定位成功
2020-07-03 14:12:19,079 -- [basepage.py-->visible_only_wait-->line:106] - INFO: 元素定位成功
2020-07-03 14:14:37,715 -- [basepage.py-->visible_least_wait-->line:129] - DEBUG: 元素定位成功
2020-07-03 14:14:38,434 -- [basepage.py-->visible_least_wait-->line:129] - DEBUG: 元素定位成功
2020-07-03 14:14:39,793 -- [basepage.py-->visible_least_wait-->line:129] - DEBUG: 元素定位成功
2020-07-03 14:14:41,089 -- [basepage.py-->visible_least_wait-->line:129] - DEBUG: 元素定位成功
2020-07-03 14:14:44,913 -- [basepage.py-->visible_least_wait-->line:129] - DEBUG: 元素定位成功
2020-07-03 14:14:45,645 -- [basepage.py-->visible_least_wait-->line:129] - DEBUG: 元素定位成功
2020-07-03 14:14:46,983 -- [basepage.py-->visible_least_wait-->line:129] - DEBUG: 元素定位成功
2020-07-03 14:14:48,248 -- [basepage.py-->visible_least_wait-->line:129] - DEBUG: 元素定位成功
2020-07-03 14:16:39,331 -- [basepage.py-->visible_least_wait-->line:129] - DEBUG: 元素定位成功
2020-07-03 14:16:40,068 -- [basepage.py-->visible_least_wait-->line:129] - DEBUG: 元素定位成功
2020-07-03 14:16:41,430 -- [basepage.py-->visible_least_wait-->line:129] - DEBUG: 元素定位成功
2020-07-03 14:16:42,682 -- [basepage.py-->visible_least_wait-->line:129] - DEBUG: 元素定位成功
2020-07-03 14:16:46,374 -- [basepage.py-->visible_least_wait-->line:129] - DEBUG: 元素定位成功
2020-07-03 14:16:48,108 -- [basepage.py-->visible_least_wait-->line:129] - DEBUG: 元素定位成功
2020-07-03 14:16:49,404 -- [basepage.py-->visible_least_wait-->line:129] - DEBUG: 元素定位成功
2020-07-03 14:16:50,679 -- [basepage.py-->visible_least_wait-->line:129] - DEBUG: 元素定位成功
2020-07-03 14:35:17,287 -- [basepage.py-->visible_least_wait-->line:129] - DEBUG: 元素定位成功
2020-07-03 14:35:18,984 -- [basepage.py-->visible_least_wait-->line:129] - DEBUG: 元素定位成功
2020-07-03 14:35:20,301 -- [basepage.py-->visible_least_wait-->line:129] - DEBUG: 元素定位成功
2020-07-03 14:35:21,572 -- [basepage.py-->visible_least_wait-->line:129] - DEBUG: 元素定位成功
2020-07-03 14:35:25,333 -- [basepage.py-->visible_least_wait-->line:129] - DEBUG: 元素定位成功
2020-07-03 14:35:27,100 -- [basepage.py-->visible_least_wait-->line:129] - DEBUG: 元素定位成功
2020-07-03 14:35:28,397 -- [basepage.py-->visible_least_wait-->line:129] - DEBUG: 元素定位成功
2020-07-03 14:35:29,635 -- [basepage.py-->visible_least_wait-->line:129] - DEBUG: 元素定位成功
2020-07-03 14:41:39,404 -- [basepage.py-->visible_least_wait-->line:129] - DEBUG: 元素定位成功
2020-07-03 14:41:40,087 -- [basepage.py-->visible_least_wait-->line:129] - DEBUG: 元素定位成功
2020-07-03 14:41:41,456 -- [basepage.py-->visible_least_wait-->line:129] - DEBUG: 元素定位成功
2020-07-03 14:41:42,742 -- [basepage.py-->visible_least_wait-->line:129] - DEBUG: 元素定位成功
2020-07-03 14:41:46,448 -- [basepage.py-->visible_least_wait-->line:129] - DEBUG: 元素定位成功
2020-07-03 14:41:47,130 -- [basepage.py-->visible_least_wait-->line:129] - DEBUG: 元素定位成功
2020-07-03 14:41:48,489 -- [basepage.py-->visible_least_wait-->line:129] - DEBUG: 元素定位成功
2020-07-03 14:41:49,720 -- [basepage.py-->visible_least_wait-->line:129] - DEBUG: 元素定位成功
2020-07-03 15:05:14,780 -- [basepage.py-->visible_least_wait-->line:129] - DEBUG: 元素定位成功
2020-07-03 15:10:15,145 -- [basepage.py-->visible_least_wait-->line:136] - ERROR: 在用<<xpath>>方法定位<<//table[@class="el-date-table"]/tbody//td>>元素时失败==>>检查页面元素是否正确或换其他定位方式
2020-07-03 15:10:15,564 -- [basepage.py-->screen_shot-->line:197] - INFO: 页面截图文件保存在：F:\AUTO\saas\screenshot\2020_7_3\15_10_15.png
2020-07-03 15:11:43,251 -- [basepage.py-->visible_least_wait-->line:129] - DEBUG: 元素定位成功
2020-07-03 15:13:48,460 -- [basepage.py-->visible_least_wait-->line:129] - DEBUG: 元素定位成功
